<?xml version="1.0" encoding="UTF-8"?>
<testng-results ignored="0" total="1" passed="1" failed="0" skipped="0">
  <reporter-output>
  </reporter-output>
  <suite started-at="2026-03-11T12:52:14 IST" name="Default suite" finished-at="2026-03-11T12:52:14 IST" duration-ms="512">
    <groups>
    </groups>
    <test started-at="2026-03-11T12:52:14 IST" name="Default test" finished-at="2026-03-11T12:52:14 IST" duration-ms="512">
      <class name="com.selenium.test.TestClass">
        <test-method is-config="true" signature="setUp()[pri:0, instance:com.selenium.test.TestClass@587e5365]" started-at="2026-03-11T12:52:09 IST" name="setUp" finished-at="2026-03-11T12:52:14 IST" duration-ms="5061" status="PASS">
          <reporter-output>
          </reporter-output>
        </test-method> <!-- setUp -->
        <test-method signature="loginFunctionality()[pri:1, instance:com.selenium.test.TestClass@587e5365]" started-at="2026-03-11T12:52:14 IST" name="loginFunctionality" finished-at="2026-03-11T12:52:14 IST" duration-ms="353" status="PASS">
          <reporter-output>
          </reporter-output>
        </test-method> <!-- loginFunctionality -->
        <test-method is-config="true" signature="destoryApplication()[pri:0, instance:com.selenium.test.TestClass@587e5365]" started-at="2026-03-11T12:52:15 IST" name="destoryApplication" finished-at="2026-03-11T12:52:15 IST" duration-ms="194" status="PASS">
          <reporter-output>
          </reporter-output>
        </test-method> <!-- destoryApplication -->
      </class> <!-- com.selenium.test.TestClass -->
    </test> <!-- Default test -->
  </suite> <!-- Default suite -->
</testng-results>
